[debug] [2020-11-01T12:45:50.831Z] ----------------------------------------------------------------------
[debug] [2020-11-01T12:45:50.833Z] Command:       /Users/captain-blue/.anyenv/envs/nodenv/versions/10.18.1/bin/node /Users/captain-blue/.anyenv/envs/nodenv/versions/10.18.1/bin/firebase functions:shell
[debug] [2020-11-01T12:45:50.834Z] CLI Version:   8.14.1
[debug] [2020-11-01T12:45:50.834Z] Platform:      darwin
[debug] [2020-11-01T12:45:50.834Z] Node Version:  v10.18.1
[debug] [2020-11-01T12:45:50.835Z] Time:          Sun Nov 01 2020 21:45:50 GMT+0900 (GMT+09:00)
[debug] [2020-11-01T12:45:50.835Z] ----------------------------------------------------------------------
[debug] [2020-11-01T12:45:50.835Z] 
[debug] [2020-11-01T12:45:50.845Z] > command requires scopes: ["email","openid","https://www.googleapis.com/auth/cloudplatformprojects.readonly","https://www.googleapis.com/auth/firebase","https://www.googleapis.com/auth/cloud-platform"]
[debug] [2020-11-01T12:45:50.846Z] > authorizing via signed-in user
[debug] [2020-11-01T12:45:50.846Z] [iam] checking project react-study-10047 for permissions ["firebase.projects.get"]
[debug] [2020-11-01T12:45:50.849Z] >>> HTTP REQUEST POST https://cloudresourcemanager.googleapis.com/v1/projects/react-study-10047:testIamPermissions  
 {"permissions":["firebase.projects.get"]}
[debug] [2020-11-01T12:45:51.728Z] <<< HTTP RESPONSE 200 {"content-type":"application/json; charset=UTF-8","vary":"X-Origin, Referer, Origin,Accept-Encoding","date":"Sun, 01 Nov 2020 12:45:51 GMT","server":"ESF","cache-control":"private","x-xss-protection":"0","x-frame-options":"SAMEORIGIN","x-content-type-options":"nosniff","server-timing":"gfet4t7; dur=629","alt-svc":"h3-Q050=\":443\"; ma=2592000,h3-29=\":443\"; ma=2592000,h3-T051=\":443\"; ma=2592000,h3-T050=\":443\"; ma=2592000,h3-Q046=\":443\"; ma=2592000,h3-Q043=\":443\"; ma=2592000,quic=\":443\"; ma=2592000; v=\"46,43\"","accept-ranges":"none","transfer-encoding":"chunked"}
[debug] [2020-11-01T12:45:51.737Z] [functions] Using node@10 from host.
[warn] ⚠  functions: Your GOOGLE_APPLICATION_CREDENTIALS environment variable points to ./src/react-study-10047-firebase-adminsdk.json. Non-emulated services will access production using these credentials. Be careful! {"metadata":{"emulator":{"name":"functions"},"message":"Your GOOGLE_APPLICATION_CREDENTIALS environment variable points to ./src/react-study-10047-firebase-adminsdk.json. Non-emulated services will access production using these credentials. Be careful!"}}
[debug] [2020-11-01T12:45:52.001Z] [functions] Watching "/Users/captain-blue/GitHub/react-study/functions" for Cloud Functions...
[debug] [2020-11-01T12:45:52.010Z] DEBUG: [worker-pool] addWorker(~diagnostic~)
[debug] [2020-11-01T12:45:52.010Z] DEBUG: [worker-pool] Adding worker with key ~diagnostic~, total=1
[debug] [2020-11-01T12:45:52.010Z] DEBUG: [worker-pool] submitWork(triggerId=)
[debug] [2020-11-01T12:45:52.010Z] DEBUG: [worker-~diagnostic~-c08a13de-7129-4c86-a879-b7e181780cf5]: Assigning socketPath: /var/folders/fk/q_ftkc2935g1h6092ntpg78r0000gn/T/fire_emu_90475.sock
[debug] [2020-11-01T12:45:52.011Z] DEBUG: [worker-~diagnostic~-c08a13de-7129-4c86-a879-b7e181780cf5]: BUSY
[debug] [2020-11-01T12:45:52.342Z] DEBUG: [runtime-status] [90475] Functions runtime initialized. {"cwd":"/Users/captain-blue/GitHub/react-study/functions","node_version":"10.18.1"}
[debug] [2020-11-01T12:45:52.343Z] DEBUG: [runtime-status] [90475] Disabled runtime features: undefined
[debug] [2020-11-01T12:45:52.346Z] DEBUG: [runtime-status] [90475] Resolved module firebase-admin {"declared":true,"installed":true,"version":"9.3.0","resolution":"/Users/captain-blue/GitHub/react-study/functions/node_modules/firebase-admin/lib/index.js"}
[debug] [2020-11-01T12:45:52.346Z] DEBUG: [runtime-status] [90475] Resolved module firebase-functions {"declared":true,"installed":true,"version":"3.11.0","resolution":"/Users/captain-blue/GitHub/react-study/functions/node_modules/firebase-functions/lib/index.js"}
[debug] [2020-11-01T12:45:52.347Z] DEBUG: [runtime-status] [90475] Resolved module firebase-functions {"declared":true,"installed":true,"version":"3.11.0","resolution":"/Users/captain-blue/GitHub/react-study/functions/node_modules/firebase-functions/lib/index.js"}
[debug] [2020-11-01T12:45:52.350Z] DEBUG: [runtime-status] [90475] Outgoing network have been stubbed. [{"name":"http","status":"mocked"},{"name":"http","status":"mocked"},{"name":"https","status":"mocked"},{"name":"https","status":"mocked"},{"name":"net","status":"mocked"}]
[debug] [2020-11-01T12:45:52.351Z] DEBUG: [runtime-status] [90475] Resolved module firebase-functions {"declared":true,"installed":true,"version":"3.11.0","resolution":"/Users/captain-blue/GitHub/react-study/functions/node_modules/firebase-functions/lib/index.js"}
[debug] [2020-11-01T12:45:52.385Z] DEBUG: [runtime-status] [90475] Checked functions.config() {"config":{}}
[debug] [2020-11-01T12:45:52.385Z] DEBUG: [runtime-status] [90475] firebase-functions has been stubbed. {"functionsResolution":{"declared":true,"installed":true,"version":"3.11.0","resolution":"/Users/captain-blue/GitHub/react-study/functions/node_modules/firebase-functions/lib/index.js"}}
[debug] [2020-11-01T12:45:52.385Z] DEBUG: [runtime-status] [90475] Resolved module firebase-functions {"declared":true,"installed":true,"version":"3.11.0","resolution":"/Users/captain-blue/GitHub/react-study/functions/node_modules/firebase-functions/lib/index.js"}
[debug] [2020-11-01T12:45:52.386Z] DEBUG: [runtime-status] [90475] Resolved module firebase-admin {"declared":true,"installed":true,"version":"9.3.0","resolution":"/Users/captain-blue/GitHub/react-study/functions/node_modules/firebase-admin/lib/index.js"}
[debug] [2020-11-01T12:45:52.386Z] DEBUG: [runtime-status] [90475] Resolved module firebase-functions {"declared":true,"installed":true,"version":"3.11.0","resolution":"/Users/captain-blue/GitHub/react-study/functions/node_modules/firebase-functions/lib/index.js"}
[debug] [2020-11-01T12:45:52.386Z] DEBUG: [runtime-status] [90475] firebase-admin has been stubbed. {"adminResolution":{"declared":true,"installed":true,"version":"9.3.0","resolution":"/Users/captain-blue/GitHub/react-study/functions/node_modules/firebase-admin/lib/index.js"}}
[debug] [2020-11-01T12:45:52.498Z] [functions[publishers]] http function initialized (http://localhost:5000/react-study-10047/asia-northeast1/publishers).
[debug] [2020-11-01T12:45:52.498Z] [functions[fetchCalendar]] function ignored because the pubsub emulator does not exist or is not running.
[info] i  functions: Loaded functions: fetchCalendar, publishers 
[warn] ⚠  functions: The following emulators are not running, calls to these services will affect production: firestore, database, pubsub 
[debug] [2020-11-01T12:45:52.507Z] DEBUG: [worker-~diagnostic~-c08a13de-7129-4c86-a879-b7e181780cf5]: IDLE
[debug] [2020-11-01T12:45:58.673Z] shell:fetchCalendar: trigger={"regions":["asia-northeast1"],"timeout":"300s","availableMemoryMb":2048,"schedule":{"schedule":"0 2 1,10,20 * *","timeZone":"Asia/Tokyo"},"eventTrigger":{"resource":"projects/react-study-10047/topics","eventType":"google.pubsub.topic.publish","service":"pubsub.googleapis.com"},"labels":{"deployment-scheduled":"true"},"name":"fetchCalendar","entryPoint":"fetchCalendar"}
[debug] [2020-11-01T12:45:58.674Z] shell:fetchCalendar: opts={}, data={}
[debug] [2020-11-01T12:45:58.678Z] DEBUG: [worker-pool] addWorker(fetchCalendar)
[debug] [2020-11-01T12:45:58.678Z] DEBUG: [worker-pool] Adding worker with key fetchCalendar, total=1
[debug] [2020-11-01T12:45:58.678Z] DEBUG: [worker-pool] submitWork(triggerId=fetchCalendar)
[debug] [2020-11-01T12:45:58.679Z] DEBUG: [worker-fetchCalendar-35cfbdc4-c1b5-4413-9cd4-cf51184aaea8]: Assigning socketPath: /var/folders/fk/q_ftkc2935g1h6092ntpg78r0000gn/T/fire_emu_90485.sock
[debug] [2020-11-01T12:45:58.679Z] DEBUG: [worker-fetchCalendar-35cfbdc4-c1b5-4413-9cd4-cf51184aaea8]: BUSY
[debug] [2020-11-01T12:45:58.970Z] DEBUG: [runtime-status] [90485] Functions runtime initialized. {"cwd":"/Users/captain-blue/GitHub/react-study/functions","node_version":"10.18.1"}
[debug] [2020-11-01T12:45:58.971Z] DEBUG: [runtime-status] [90485] Disabled runtime features: undefined
[debug] [2020-11-01T12:45:58.973Z] DEBUG: [runtime-status] [90485] Resolved module firebase-admin {"declared":true,"installed":true,"version":"9.3.0","resolution":"/Users/captain-blue/GitHub/react-study/functions/node_modules/firebase-admin/lib/index.js"}
[debug] [2020-11-01T12:45:58.974Z] DEBUG: [runtime-status] [90485] Resolved module firebase-functions {"declared":true,"installed":true,"version":"3.11.0","resolution":"/Users/captain-blue/GitHub/react-study/functions/node_modules/firebase-functions/lib/index.js"}
[debug] [2020-11-01T12:45:58.975Z] DEBUG: [runtime-status] [90485] Resolved module firebase-functions {"declared":true,"installed":true,"version":"3.11.0","resolution":"/Users/captain-blue/GitHub/react-study/functions/node_modules/firebase-functions/lib/index.js"}
[debug] [2020-11-01T12:45:58.978Z] DEBUG: [runtime-status] [90485] Outgoing network have been stubbed. [{"name":"http","status":"mocked"},{"name":"http","status":"mocked"},{"name":"https","status":"mocked"},{"name":"https","status":"mocked"},{"name":"net","status":"mocked"}]
[debug] [2020-11-01T12:45:58.978Z] DEBUG: [runtime-status] [90485] Resolved module firebase-functions {"declared":true,"installed":true,"version":"3.11.0","resolution":"/Users/captain-blue/GitHub/react-study/functions/node_modules/firebase-functions/lib/index.js"}
[debug] [2020-11-01T12:45:59.011Z] DEBUG: [runtime-status] [90485] Checked functions.config() {"config":{}}
[debug] [2020-11-01T12:45:59.011Z] DEBUG: [runtime-status] [90485] firebase-functions has been stubbed. {"functionsResolution":{"declared":true,"installed":true,"version":"3.11.0","resolution":"/Users/captain-blue/GitHub/react-study/functions/node_modules/firebase-functions/lib/index.js"}}
[debug] [2020-11-01T12:45:59.011Z] DEBUG: [runtime-status] [90485] Resolved module firebase-functions {"declared":true,"installed":true,"version":"3.11.0","resolution":"/Users/captain-blue/GitHub/react-study/functions/node_modules/firebase-functions/lib/index.js"}
[debug] [2020-11-01T12:45:59.012Z] DEBUG: [runtime-status] [90485] Resolved module firebase-admin {"declared":true,"installed":true,"version":"9.3.0","resolution":"/Users/captain-blue/GitHub/react-study/functions/node_modules/firebase-admin/lib/index.js"}
[debug] [2020-11-01T12:45:59.012Z] DEBUG: [runtime-status] [90485] Resolved module firebase-functions {"declared":true,"installed":true,"version":"3.11.0","resolution":"/Users/captain-blue/GitHub/react-study/functions/node_modules/firebase-functions/lib/index.js"}
[debug] [2020-11-01T12:45:59.012Z] DEBUG: [runtime-status] [90485] firebase-admin has been stubbed. {"adminResolution":{"declared":true,"installed":true,"version":"9.3.0","resolution":"/Users/captain-blue/GitHub/react-study/functions/node_modules/firebase-admin/lib/index.js"}}
[debug] [2020-11-01T12:45:59.111Z] DEBUG: [runtime-status] [90485] Trigger "fetchCalendar" has been found, beginning invocation!
[debug] [2020-11-01T12:45:59.111Z] [functions] Beginning execution of "fetchCalendar"
[debug] [2020-11-01T12:45:59.113Z] DEBUG: [runtime-status] [90485] triggerDefinition {"regions":["asia-northeast1"],"timeout":"300s","availableMemoryMb":2048,"schedule":{"schedule":"0 2 1,10,20 * *","timeZone":"Asia/Tokyo"},"eventTrigger":{"resource":"projects/react-study-10047/topics","eventType":"google.pubsub.topic.publish","service":"pubsub.googleapis.com"},"labels":{"deployment-scheduled":"true"},"name":"fetchCalendar","entryPoint":"fetchCalendar"}
[debug] [2020-11-01T12:45:59.113Z] DEBUG: [runtime-status] [90485] Running fetchCalendar in mode BACKGROUND
[debug] [2020-11-01T12:45:59.114Z] DEBUG: [runtime-status] [90485] ProcessBackground {"eventId":"3d8b8899-0f01-4fc1-b76e-c94f277c25be","timestamp":"2020-11-01T12:45:58.674Z","eventType":"google.pubsub.topic.publish","data":{}}
[debug] [2020-11-01T12:45:59.115Z] DEBUG: [runtime-status] [90485] RunBackground {"data":{},"context":{"eventId":"3d8b8899-0f01-4fc1-b76e-c94f277c25be","timestamp":"2020-11-01T12:45:58.674Z","eventType":"google.pubsub.topic.publish"}}
[warn] ⚠  Google API requested!
   - URL: "https://www.googleapis.com/oauth2/v4/token"
   - Be careful, this may be a production service. {"metadata":{"emulator":{"name":"functions"},"function":{"name":"fetchCalendar"},"message":"Google API requested!\n   - URL: \"https://www.googleapis.com/oauth2/v4/token\"\n   - Be careful, this may be a production service."}}
[info] >  Fetched Kodansha calendar. Wrote 668 memos. {"user":"Fetched Kodansha calendar. Wrote 668 memos.","metadata":{"emulator":{"name":"functions"},"function":{"name":"fetchCalendar"},"message":"\u001b[90m> \u001b[39m Fetched Kodansha calendar. Wrote 668 memos."}}
[debug] [2020-11-01T12:46:32.856Z] DEBUG: [runtime-status] [90485] Ephemeral server survived.
[debug] [2020-11-01T12:46:32.856Z] [functions] Finished "fetchCalendar" in ~33s
[debug] [2020-11-01T12:46:32.856Z] DEBUG: [worker-fetchCalendar-35cfbdc4-c1b5-4413-9cd4-cf51184aaea8]: IDLE
